2024.03.22 06:46:21 [32mINFO [m [main]: org.jivesoftware.openfire.XMPPServer - Registering shutdown hook (standalone mode)
2024.03.22 06:46:21 [32mINFO [m [main]: org.jivesoftware.util.cache.ConsistencyMonitor - Applying configuration for cache consistency check. Enabled: false
2024.03.22 06:46:22 [32mINFO [m [main]: org.jivesoftware.openfire.XMPPServer - Openfire 4.7.6 Alpha [Mar 22, 2024, 6:46:22 AM]
2024.03.22 06:46:22 [33mWARN [m [PluginMonitorTask-2]: org.jivesoftware.util.LocaleUtils - Missing resource for key: system_property.xmpp.xmlutil.parser.core-pool-size in locale en
2024.03.22 06:46:22 [33mWARN [m [PluginMonitorTask-2]: org.jivesoftware.util.LocaleUtils - Missing resource for key: system_property.xmpp.xmlutil.parser.maximum-pool-size in locale en
2024.03.22 06:46:22 [33mWARN [m [PluginMonitorTask-2]: org.jivesoftware.util.LocaleUtils - Missing resource for key: system_property.xmpp.xmlutil.parser.keep_alive_time in locale en
2024.03.22 06:46:22 [33mWARN [m [PluginMonitorTask-2]: org.jivesoftware.openfire.container.AdminConsolePlugin - Admin console: CertificateStoreManager has not been initialized yet. HTTPS will be unavailable.
2024.03.22 06:46:23 [32mINFO [m [PluginMonitorTask-2]: org.jivesoftware.util.cache.CacheFactory - Created cache [org.jivesoftware.util.cache.DefaultLocalCacheStrategy] for Favicon Misses
2024.03.22 06:46:23 [32mINFO [m [PluginMonitorTask-2]: org.jivesoftware.util.cache.CacheFactory - Created cache [org.jivesoftware.util.cache.DefaultLocalCacheStrategy] for Favicon Hits
2024.03.22 06:46:23 [32mINFO [m [PluginMonitorTask-2]: org.jivesoftware.openfire.container.AdminConsolePlugin - Admin console listening at http://946a79926bcb:9090
2024.03.22 06:46:23 [32mINFO [m [PluginMonitorTask-2]: org.jivesoftware.openfire.container.PluginManager - Successfully loaded plugin 'admin'.
2024.03.22 06:47:53 [32mINFO [m [main]: org.jivesoftware.openfire.XMPPServer - Registering shutdown hook (standalone mode)
2024.03.22 06:47:53 [32mINFO [m [main]: org.jivesoftware.util.cache.ConsistencyMonitor - Applying configuration for cache consistency check. Enabled: false
2024.03.22 06:47:53 [32mINFO [m [main]: org.jivesoftware.openfire.XMPPServer - Openfire 4.7.6 Alpha [Mar 22, 2024, 6:47:53 AM]
2024.03.22 06:47:53 [33mWARN [m [PluginMonitorTask-2]: org.jivesoftware.util.LocaleUtils - Missing resource for key: system_property.xmpp.xmlutil.parser.core-pool-size in locale en
2024.03.22 06:47:53 [33mWARN [m [PluginMonitorTask-2]: org.jivesoftware.util.LocaleUtils - Missing resource for key: system_property.xmpp.xmlutil.parser.maximum-pool-size in locale en
2024.03.22 06:47:53 [33mWARN [m [PluginMonitorTask-2]: org.jivesoftware.util.LocaleUtils - Missing resource for key: system_property.xmpp.xmlutil.parser.keep_alive_time in locale en
2024.03.22 06:47:54 [33mWARN [m [PluginMonitorTask-2]: org.jivesoftware.openfire.container.AdminConsolePlugin - Admin console: CertificateStoreManager has not been initialized yet. HTTPS will be unavailable.
2024.03.22 06:47:55 [32mINFO [m [PluginMonitorTask-2]: org.jivesoftware.util.cache.CacheFactory - Created cache [org.jivesoftware.util.cache.DefaultLocalCacheStrategy] for Favicon Misses
2024.03.22 06:47:55 [32mINFO [m [PluginMonitorTask-2]: org.jivesoftware.util.cache.CacheFactory - Created cache [org.jivesoftware.util.cache.DefaultLocalCacheStrategy] for Favicon Hits
2024.03.22 06:47:55 [32mINFO [m [PluginMonitorTask-2]: org.jivesoftware.openfire.container.AdminConsolePlugin - Admin console listening at http://946a79926bcb:9090
2024.03.22 06:47:55 [32mINFO [m [PluginMonitorTask-2]: org.jivesoftware.openfire.container.PluginManager - Successfully loaded plugin 'admin'.
